SF:lib\models\student.dart
DA:6,4
DA:8,3
DA:9,3
DA:10,1
DA:12,3
DA:13,3
DA:14,3
DA:15,3
DA:19,3
DA:22,9
DA:24,18
DA:25,9
DA:28,0
DA:29,0
LF:14
LH:12
end_of_record
SF:lib\repositories\api_student_repository_impl.dart
DA:8,1
DA:10,1
DA:12,2
DA:13,4
DA:16,1
DA:18,2
DA:21,0
LF:7
LH:6
end_of_record
SF:lib\services\api_service.dart
DA:10,1
DA:12,1
DA:14,1
DA:15,3
DA:17,2
DA:18,2
DA:19,1
DA:21,1
DA:25,1
DA:26,2
DA:30,2
DA:31,2
DA:32,1
DA:36,2
DA:37,3
DA:39,0
LF:16
LH:15
end_of_record
SF:lib\models\subject.dart
DA:5,2
LF:1
LH:1
end_of_record
SF:lib\repositories\storage_subject_repository_impl.dart
DA:10,1
DA:12,1
DA:15,1
DA:16,1
DA:19,1
DA:22,1
DA:23,2
DA:24,1
LF:8
LH:8
end_of_record
SF:lib\views\student_widget.dart
DA:7,1
DA:8,1
DA:16,1
DA:18,2
DA:19,2
DA:20,1
DA:23,0
DA:24,0
DA:25,0
DA:27,0
DA:28,0
DA:29,0
DA:34,0
DA:35,0
DA:37,0
DA:38,0
DA:39,0
DA:40,0
DA:44,0
DA:47,1
DA:49,1
DA:51,1
DA:52,1
DA:53,1
DA:55,1
DA:56,1
DA:57,1
DA:60,1
DA:62,1
DA:63,1
DA:64,1
DA:67,1
DA:68,1
DA:69,1
DA:71,1
DA:72,0
DA:74,0
DA:75,0
DA:76,0
DA:79,1
DA:80,1
DA:81,1
DA:82,1
DA:83,2
DA:84,2
DA:85,1
DA:86,0
DA:88,1
DA:89,1
DA:90,1
DA:91,1
DA:92,1
DA:93,4
DA:94,6
LF:54
LH:36
end_of_record
SF:lib\views\subject_widget.dart
DA:7,1
DA:9,1
DA:10,1
DA:16,1
DA:18,1
DA:19,2
DA:20,2
DA:23,1
DA:24,2
DA:25,1
DA:26,2
DA:27,2
DA:31,1
DA:33,1
DA:34,1
DA:35,1
DA:36,2
DA:37,2
DA:38,1
DA:39,0
DA:41,1
DA:42,1
DA:43,1
DA:44,1
DA:45,1
DA:46,1
DA:47,2
DA:48,1
DA:49,1
DA:50,1
DA:51,1
DA:53,2
LF:32
LH:31
end_of_record
